2020-01-14 15:02:06,899 INFO o.a.j.u.JMeterUtils: Setting Locale to en_EN
2020-01-14 15:02:06,967 INFO o.a.j.JMeter: Loading user properties from: /home/sammie/apache-jmeter-5.2.1/bin/user.properties
2020-01-14 15:02:06,967 INFO o.a.j.JMeter: Loading system properties from: /home/sammie/apache-jmeter-5.2.1/bin/system.properties
2020-01-14 15:02:06,971 INFO o.a.j.JMeter: Copyright (c) 1998-2019 The Apache Software Foundation
2020-01-14 15:02:06,971 INFO o.a.j.JMeter: Version 5.2.1
2020-01-14 15:02:06,971 INFO o.a.j.JMeter: java.version=11.0.5
2020-01-14 15:02:06,972 INFO o.a.j.JMeter: java.vm.name=Java HotSpot(TM) 64-Bit Server VM
2020-01-14 15:02:06,972 INFO o.a.j.JMeter: os.name=Linux
2020-01-14 15:02:06,972 INFO o.a.j.JMeter: os.arch=amd64
2020-01-14 15:02:06,972 INFO o.a.j.JMeter: os.version=4.15.0-70-generic
2020-01-14 15:02:06,973 INFO o.a.j.JMeter: file.encoding=UTF-8
2020-01-14 15:02:06,973 INFO o.a.j.JMeter: java.awt.headless=true
2020-01-14 15:02:06,973 INFO o.a.j.JMeter: Max memory     =1073741824
2020-01-14 15:02:06,973 INFO o.a.j.JMeter: Available Processors =4
2020-01-14 15:02:06,999 INFO o.a.j.JMeter: Default Locale=English (EN)
2020-01-14 15:02:07,000 INFO o.a.j.JMeter: JMeter  Locale=English (EN)
2020-01-14 15:02:07,000 INFO o.a.j.JMeter: JMeterHome=/home/sammie/apache-jmeter-5.2.1
2020-01-14 15:02:07,001 INFO o.a.j.JMeter: user.dir  =/home/sammie/dev/heig-vd/project-two/jmeter
2020-01-14 15:02:07,001 INFO o.a.j.JMeter: PWD       =/home/sammie/dev/heig-vd/project-two/jmeter
2020-01-14 15:02:07,002 INFO o.a.j.JMeter: IP: 127.0.1.1 Name: sammie-HP15 FullName: sammie-HP15
2020-01-14 15:02:07,015 INFO o.a.j.s.FileServer: Default base='/home/sammie/dev/heig-vd/project-two/jmeter'
2020-01-14 15:02:07,019 INFO o.a.j.s.FileServer: Set new base='/home/sammie/dev/heig-vd/project-two/jmeter/test'
2020-01-14 15:02:07,402 INFO o.a.j.s.SaveService: Testplan (JMX) version: 2.2. Testlog (JTL) version: 2.2
2020-01-14 15:02:07,433 INFO o.a.j.s.SaveService: Using SaveService properties version 5.0
2020-01-14 15:02:07,440 INFO o.a.j.s.SaveService: Using SaveService properties file encoding UTF-8
2020-01-14 15:02:07,449 INFO o.a.j.s.SaveService: Loading file: test/project-two.jmx
2020-01-14 15:02:07,539 INFO o.a.j.p.h.s.HTTPSamplerBase: Parser for text/html is org.apache.jmeter.protocol.http.parser.LagartoBasedHtmlParser
2020-01-14 15:02:07,540 INFO o.a.j.p.h.s.HTTPSamplerBase: Parser for application/xhtml+xml is org.apache.jmeter.protocol.http.parser.LagartoBasedHtmlParser
2020-01-14 15:02:07,540 INFO o.a.j.p.h.s.HTTPSamplerBase: Parser for application/xml is org.apache.jmeter.protocol.http.parser.LagartoBasedHtmlParser
2020-01-14 15:02:07,540 INFO o.a.j.p.h.s.HTTPSamplerBase: Parser for text/xml is org.apache.jmeter.protocol.http.parser.LagartoBasedHtmlParser
2020-01-14 15:02:07,540 INFO o.a.j.p.h.s.HTTPSamplerBase: Parser for text/vnd.wap.wml is org.apache.jmeter.protocol.http.parser.RegexpHTMLParser
2020-01-14 15:02:07,541 INFO o.a.j.p.h.s.HTTPSamplerBase: Parser for text/css is org.apache.jmeter.protocol.http.parser.CssParser
2020-01-14 15:02:07,602 INFO o.a.j.JMeter: Creating summariser <summary>
2020-01-14 15:02:07,616 INFO o.a.j.e.StandardJMeterEngine: Running the test!
2020-01-14 15:02:07,636 INFO o.a.j.s.SampleEvent: List of sample_variables: []
2020-01-14 15:02:07,636 INFO o.a.j.s.SampleEvent: List of sample_variables: []
2020-01-14 15:02:07,651 INFO o.a.j.e.u.CompoundVariable: Note: Function class names must contain the string: '.functions.'
2020-01-14 15:02:07,651 INFO o.a.j.e.u.CompoundVariable: Note: Function class names must not contain the string: '.gui.'
2020-01-14 15:02:08,412 INFO o.a.j.JMeter: Running test (1579010528411)
2020-01-14 15:02:08,465 INFO o.a.j.e.StandardJMeterEngine: Starting ThreadGroup: 1 : users
2020-01-14 15:02:08,466 INFO o.a.j.e.StandardJMeterEngine: Starting 20 threads for group users.
2020-01-14 15:02:08,466 INFO o.a.j.e.StandardJMeterEngine: Thread will continue on error
2020-01-14 15:02:08,466 INFO o.a.j.t.ThreadGroup: Starting thread group... number=1 threads=20 ramp-up=1 delayedStart=false
2020-01-14 15:02:08,534 INFO o.a.j.t.JMeterThread: Thread started: users 1-1
2020-01-14 15:02:08,581 INFO o.a.j.t.JMeterThread: Thread started: users 1-2
2020-01-14 15:02:08,597 INFO o.a.j.p.h.s.HTTPHCAbstractImpl: Local host = sammie-HP15
2020-01-14 15:02:08,602 INFO o.a.j.t.ThreadGroup: Started thread group number 1
2020-01-14 15:02:08,603 INFO o.a.j.e.StandardJMeterEngine: All thread groups have been started
2020-01-14 15:02:08,614 INFO o.a.j.t.JMeterThread: Thread started: users 1-3
2020-01-14 15:02:08,617 INFO o.a.j.p.h.s.HTTPHC4Impl: HTTP request retry count = 0
2020-01-14 15:02:08,621 INFO o.a.j.s.SampleResult: Note: Sample TimeStamps are START times
2020-01-14 15:02:08,622 INFO o.a.j.s.SampleResult: sampleresult.default.encoding is set to ISO-8859-1
2020-01-14 15:02:08,623 INFO o.a.j.s.SampleResult: sampleresult.useNanoTime=true
2020-01-14 15:02:08,623 INFO o.a.j.s.SampleResult: sampleresult.nanoThreadSleep=5000
2020-01-14 15:02:08,652 INFO o.a.j.t.JMeterThread: Thread started: users 1-4
2020-01-14 15:02:08,690 INFO o.a.j.t.JMeterThread: Thread started: users 1-5
2020-01-14 15:02:08,734 INFO o.a.j.t.JMeterThread: Thread started: users 1-6
2020-01-14 15:02:08,787 INFO o.a.j.t.JMeterThread: Thread started: users 1-7
2020-01-14 15:02:08,866 INFO o.a.j.t.JMeterThread: Thread started: users 1-8
2020-01-14 15:02:08,892 INFO o.a.j.t.JMeterThread: Thread started: users 1-9
2020-01-14 15:02:08,942 INFO o.a.j.t.JMeterThread: Thread started: users 1-10
2020-01-14 15:02:08,993 INFO o.a.j.t.JMeterThread: Thread started: users 1-11
2020-01-14 15:02:09,004 INFO o.a.j.t.JMeterThread: Thread is done: users 1-3
2020-01-14 15:02:09,004 INFO o.a.j.t.JMeterThread: Thread is done: users 1-10
2020-01-14 15:02:09,005 INFO o.a.j.t.JMeterThread: Thread is done: users 1-11
2020-01-14 15:02:09,005 INFO o.a.j.t.JMeterThread: Thread finished: users 1-10
2020-01-14 15:02:09,005 INFO o.a.j.t.JMeterThread: Thread is done: users 1-4
2020-01-14 15:02:09,005 INFO o.a.j.t.JMeterThread: Thread finished: users 1-4
2020-01-14 15:02:09,005 INFO o.a.j.t.JMeterThread: Thread finished: users 1-11
2020-01-14 15:02:09,010 INFO o.a.j.t.JMeterThread: Thread is done: users 1-2
2020-01-14 15:02:09,010 INFO o.a.j.t.JMeterThread: Thread is done: users 1-7
2020-01-14 15:02:09,011 INFO o.a.j.t.JMeterThread: Thread finished: users 1-2
2020-01-14 15:02:09,007 INFO o.a.j.t.JMeterThread: Thread is done: users 1-5
2020-01-14 15:02:09,007 INFO o.a.j.t.JMeterThread: Thread is done: users 1-6
2020-01-14 15:02:09,007 INFO o.a.j.t.JMeterThread: Thread is done: users 1-1
2020-01-14 15:02:09,011 INFO o.a.j.t.JMeterThread: Thread finished: users 1-1
2020-01-14 15:02:09,011 INFO o.a.j.t.JMeterThread: Thread finished: users 1-5
2020-01-14 15:02:09,007 INFO o.a.j.t.JMeterThread: Thread is done: users 1-8
2020-01-14 15:02:09,006 INFO o.a.j.t.JMeterThread: Thread is done: users 1-9
2020-01-14 15:02:09,012 INFO o.a.j.t.JMeterThread: Thread finished: users 1-8
2020-01-14 15:02:09,012 INFO o.a.j.t.JMeterThread: Thread finished: users 1-9
2020-01-14 15:02:09,006 INFO o.a.j.t.JMeterThread: Thread finished: users 1-3
2020-01-14 15:02:09,013 INFO o.a.j.t.JMeterThread: Thread finished: users 1-6
2020-01-14 15:02:09,013 INFO o.a.j.t.JMeterThread: Thread finished: users 1-7
2020-01-14 15:02:09,035 INFO o.a.j.t.JMeterThread: Thread started: users 1-12
2020-01-14 15:02:09,041 INFO o.a.j.t.JMeterThread: Thread is done: users 1-12
2020-01-14 15:02:09,041 INFO o.a.j.t.JMeterThread: Thread finished: users 1-12
2020-01-14 15:02:09,077 INFO o.a.j.t.JMeterThread: Thread started: users 1-13
2020-01-14 15:02:09,088 INFO o.a.j.t.JMeterThread: Thread is done: users 1-13
2020-01-14 15:02:09,088 INFO o.a.j.t.JMeterThread: Thread finished: users 1-13
2020-01-14 15:02:09,126 INFO o.a.j.t.JMeterThread: Thread started: users 1-14
2020-01-14 15:02:09,135 INFO o.a.j.t.JMeterThread: Thread is done: users 1-14
2020-01-14 15:02:09,135 INFO o.a.j.t.JMeterThread: Thread finished: users 1-14
2020-01-14 15:02:09,169 INFO o.a.j.t.JMeterThread: Thread started: users 1-15
2020-01-14 15:02:09,178 INFO o.a.j.t.JMeterThread: Thread is done: users 1-15
2020-01-14 15:02:09,179 INFO o.a.j.t.JMeterThread: Thread finished: users 1-15
2020-01-14 15:02:09,223 INFO o.a.j.t.JMeterThread: Thread started: users 1-16
2020-01-14 15:02:09,235 INFO o.a.j.t.JMeterThread: Thread is done: users 1-16
2020-01-14 15:02:09,235 INFO o.a.j.t.JMeterThread: Thread finished: users 1-16
2020-01-14 15:02:09,275 INFO o.a.j.t.JMeterThread: Thread started: users 1-17
2020-01-14 15:02:09,281 INFO o.a.j.t.JMeterThread: Thread is done: users 1-17
2020-01-14 15:02:09,281 INFO o.a.j.t.JMeterThread: Thread finished: users 1-17
2020-01-14 15:02:09,324 INFO o.a.j.t.JMeterThread: Thread started: users 1-18
2020-01-14 15:02:09,328 INFO o.a.j.t.JMeterThread: Thread is done: users 1-18
2020-01-14 15:02:09,329 INFO o.a.j.t.JMeterThread: Thread finished: users 1-18
2020-01-14 15:02:09,368 INFO o.a.j.t.JMeterThread: Thread started: users 1-19
2020-01-14 15:02:09,375 INFO o.a.j.t.JMeterThread: Thread is done: users 1-19
2020-01-14 15:02:09,376 INFO o.a.j.t.JMeterThread: Thread finished: users 1-19
2020-01-14 15:02:09,423 INFO o.a.j.t.JMeterThread: Thread started: users 1-20
2020-01-14 15:02:09,431 INFO o.a.j.t.JMeterThread: Thread is done: users 1-20
2020-01-14 15:02:09,432 INFO o.a.j.t.JMeterThread: Thread finished: users 1-20
2020-01-14 15:02:09,433 INFO o.a.j.e.StandardJMeterEngine: Notifying test listeners of end of test
2020-01-14 15:02:09,436 INFO o.a.j.r.Summariser: summary =     20 in 00:00:01 =   19.6/s Avg:    44 Min:     1 Max:    97 Err:    20 (100.00%)
